<?xml version="1.0" encoding="UTF-8"?>
<testng-results ignored="0" total="1" passed="1" failed="0" skipped="0">
  <reporter-output>
  </reporter-output>
  <suite started-at="2021-10-14T19:54:05 IST" name="Suite" finished-at="2021-10-14T19:54:05 IST" duration-ms="104">
    <groups>
    </groups>
    <test started-at="2021-10-14T19:54:05 IST" name="Test" finished-at="2021-10-14T19:54:05 IST" duration-ms="104">
      <class name="Testng004.TestNG_Concept.Parameter_Test">
        <test-method signature="login(java.lang.String,java.lang.String)[pri:0, instance:Testng004.TestNG_Concept.Parameter_Test@1cbb87f3]" started-at="2021-10-14T19:54:05 IST" name="login" finished-at="2021-10-14T19:54:05 IST" duration-ms="20" status="PASS">
          <params>
            <param index="0">
              <value>
                <![CDATA[AAA]]>
              </value>
            </param>
            <param index="1">
              <value>
                <![CDATA[BBB]]>
              </value>
            </param>
          </params>
          <reporter-output>
          </reporter-output>
        </test-method> <!-- login -->
      </class> <!-- Testng004.TestNG_Concept.Parameter_Test -->
    </test> <!-- Test -->
  </suite> <!-- Suite -->
</testng-results>
